[30-Sep-2022 17:19:00 +0200]: <tcvervpm> User rhs@rhscze.cf [2a03:3b40:25a:0:6107:bc46:5b59:5315]; Message <515d1e990a7f7251ec5a0b518731b2ed@rhscze.cf> for rhs@rhscze.cf; 250: 2.0.0 Ok: queued as DBFDC4470F
[30-Sep-2022 18:28:35 +0200]: <tcvervpm> User rhs@rhscze.cf [2a03:3b40:25a:0:6107:bc46:5b59:5315]; Message <3b136cd4293bec5a5d12ea389a3d977b@rhscze.cf> for root@rhscze.cf; 250: 2.0.0 Ok: queued as CA31F456CB
[14-Oct-2022 23:18:52 +0200]: <0lmvjknv> User rhs@rhscze.cf [2a03:3b40:25a:0:ec73:8b1b:b81e:d608]; Message <91e750d8f8af6c3b60d385390159e361@rhscze.cf> for bigdcrhs@gmail.com; 250: 2.0.0 Ok: queued as 4016F520AB
[15-Oct-2022 15:00:49 +0200]: <3i0bb74c> User rhs@rhscze.cf [2a03:3b40:25a:0:1d9a:d3e3:818d:f91b]; Message <b41371cd40f34f18502cf7d6094a3845@rhscze.cf> for bigdcrhs@gmail.com; 250: 2.0.0 Ok: queued as 1D56852B93
[22-Oct-2022 01:42:49 +0200]: <krhk8t61> User rhs@rhscz.eu [2a03:3b40:25a:0:f008:2337:6ed1:8086]; Message <a00eac7c092e9f3479ccf664791fd672@rhscz.eu> for rhscz@post.cz; 250: 2.0.0 Ok: queued as 9807F36C98
[30-Jan-2023 06:42:04 +0100]: <mmtkgt5n> User rhs@rhscz.eu [2a00:102a:4005:4a8:1:0:f6d3:c757]; Message <f31fec99d25a25e1b542fff32c3b034f@rhscz.eu> for rhscz@post.cz; 250: 2.0.0 Ok: queued as B4E9E3C2E4
[22-Sep-2023 14:54:06 +0200]: <pnpdvqm1> User rhs@rhscz.eu [2a03:3b40:25a:0:29f1:1523:4ec:800c]; Message <b824dee9b7cd971246f96fc105951391@rhscz.eu> for rhscz@post.cz; 250: 2.0.0 Ok: queued as BB6A34486C6
[22-Sep-2023 16:04:01 +0200]: <pnpdvqm1> User rhs@rhscz.eu [2a03:3b40:25a:0:29f1:1523:4ec:800c]; Message <92a99abecbaa60798a5c06ea4253f7bb@rhscz.eu> for rhscz@post.cz; 250: 2.0.0 Ok: queued as 3F38544565D
[25-Oct-2023 23:15:12 +0200]: <t05b0dni> User rhs@rhscz.eu [2a03:3b40:25a:0:5d7:d0c7:6835:b2ae]; Message <4c72d636cff4f0a1de452073f7d66909@rhscz.eu> for hodoush@seznam.cz; 250: 2.0.0 Ok: queued as 217FB440374
[25-Oct-2023 23:19:06 +0200]: <t05b0dni> User rhs@rhscz.eu [2a03:3b40:25a:0:5d7:d0c7:6835:b2ae]; Message <91c52943750ce7183f61b2db655436f2@rhscz.eu> for bigdcrhs@gmail.com; 250: 2.0.0 Ok: queued as D940E4403FB
[26-Oct-2023 16:01:31 +0200]: <5fmhkprr> User rhs@rhscz.eu [2a03:3b40:25a:0:854b:f0ba:fa5b:8937]; Message <527a5dd611723041f035c520ac5eb015@rhscz.eu> for hodoush@seznam.cz; 250: 2.0.0 Ok: queued as 510DE44015B
[26-Oct-2023 17:03:21 +0200]: <n2bc3pi6> User rhs@rhscz.eu [2a03:3b40:25a:0:854b:f0ba:fa5b:8937]; Message <d60c7bdfc01f2abbd8128d181ba836fc@rhscz.eu> for hodoush@seznam.cz; 250: 2.0.0 Ok: queued as 046C044014E
[29-Nov-2023 12:56:21 +0100]: <gs75302q> User rhs@rhscz.eu [2a03:3b40:25a:0:d865:6ec:b049:2a4]; Message <cbb86c90e25053112fccaca8adba9f63@rhscz.eu> for hodoush@seznam.cz; 250: 2.0.0 Ok: queued as A868744008A
[08-Apr-2024 21:25:45 +0200]: <48nsgv5h> User rhs@rhscz.eu [2a03:3b40:25a:0:690d:2410:7b18:2a12]; Message <bf5f91055a8d17b8c21f653138d5b78a@rhscz.eu> for rhscz@post.cz; 250: 2.0.0 Ok: queued as 2DD0444A25A
[10-Apr-2024 21:59:53 +0200]: <pgri01uk> User virusmail@rhscz.eu [2a03:3b40:25a:0:29ac:5139:950f:d8c9]; Message <82905831a17edc0a343965fa0ceda676@rhscz.eu> for hodoush@seznam.cz; 250: 2.0.0 Ok: queued as D234844247B
[10-Apr-2024 22:06:05 +0200]: <pgri01uk> User virusmail@rhscz.eu [2a03:3b40:25a:0:29ac:5139:950f:d8c9]; Message <f99b757003814bc7308323fa5a8cd7fa@rhscz.eu> for hodoush@seznam.cz; 250: 2.0.0 Ok: queued as 181A644247B
[21-Jun-2024 16:14:16 +0200]: <edp6985q> User rhs@rhscz.eu [2a03:3b40:25a:0:7429:9d67:bb7d:5704]; Message <3e8ba6c245fd5e2e7bdbb08e4240a441@rhscz.eu> for hodoush@seznam.cz; 250: 2.0.0 Ok: queued as 94D084402F8
[25-Jun-2024 14:22:01 +0200]: <tkecfqhm> User rhs@rhscz.eu [2a00:102a:4004:a0ae:1:0:4c69:ff21]; Message <26116e428ff80c9babc0d4b58cd4975b@rhscz.eu> for hodoush@seznam.cz; 250: 2.0.0 Ok: queued as 4675F441382
[26-Jun-2024 10:21:36 +0200]: <01orin54> User test@rhscz.eu [2a03:3b40:25a:0:dcd0:9b2d:ce33:9706]; Message <0f353bbd6b40b38e213f2742f72de2a3@rhscz.eu> for rhs@rhscz.eu; 250: 2.0.0 Ok: queued as B1CD1440CF9
[28-Oct-2024 10:15:50 +0100]: <49a46cli> User rhs@rhscz.eu [2a00:102a:5012:a831:1:0:3b09:67b5]; Message <2e3e2580681fa102772cee90247ed1c3@rhscz.eu> for Hodoush@seznam.cz; 250: 2.0.0 Ok: queued as C61254416C7
[06-Dec-2024 13:58:44 +0100]: <70hr1upl> User noreply@rhscz.eu [2a03:3b40:25a:0:881c:568f:441b:48ea]; Message <4c3aefa251427eda91ee01ad1126e915@rhscz.eu> for 00420721406462@sms.cz.o2.com; 250: 2.0.0 Ok: queued as 5F3D84416C2
[06-Dec-2024 15:17:36 +0100]: <igtpiiia> User rhs@rhscz.eu [2a03:3b40:25a:0:881c:568f:441b:48ea]; Message <ad049f7c5b34c29a461585c8b6949193@rhscz.eu> for 00420721406462@sms.cz.o2.com; 250: 2.0.0 Ok: queued as 1250E4416C2
[02-Jun-2025 23:16:17 +0200]: <prh8bvga> User rhs@rhscz.eu [2a03:3b40:25a:0:61e3:5a3a:29b7:3bfb]; Message <f84ab6c52b6ccffd8e30f14b850686cb@rhscz.eu> for hodoush@seznam.cz; 250: 2.0.0 Ok: queued as 60E97441760
[02-Jun-2025 23:20:53 +0200]: <prh8bvga> User rhs@rhscz.eu [2a03:3b40:25a:0:61e3:5a3a:29b7:3bfb]; Message <ab82f975e4ee3649573cddd26517a1f1@rhscz.eu> for hodoush@seznam.cz; 250: 2.0.0 Ok: queued as 962D8441760
[17-Jun-2025 23:11:46 +0200]: <kknjv7qn> User rhs@rhscz.eu [2a03:3b40:25a:0:5db2:2ae0:29f3:7682]; Message <6f7890850432c2bb5c0405c0639e9639@rhscz.eu> for hodoush@seznam.cz; 250: 2.0.0 Ok: queued as 1DD2144176C
[17-Jun-2025 23:34:48 +0200]: <3q2u8031> User rhs@rhscz.eu [2a03:3b40:25a:0:5db2:2ae0:29f3:7682]; Message <a2f5545cce1190339facf37f00cced23@rhscz.eu> for hodoush@seznam.cz; 250: 2.0.0 Ok: queued as C3A2544176D
[17-Jun-2025 23:40:08 +0200]: <3q2u8031> User rhs@rhscz.eu [2a03:3b40:25a:0:5db2:2ae0:29f3:7682]; Message <75bd99a8aec7d142e3a94320e8ccacd8@rhscz.eu> for hodoush@seznam.cz; 250: 2.0.0 Ok: queued as 6D14F44176D
[17-Jun-2025 23:42:52 +0200]: <3q2u8031> User rhs@rhscz.eu [2a03:3b40:25a:0:5db2:2ae0:29f3:7682]; Message <51aab308459e6534254d32717d0ab3ba@rhscz.eu> for hodoush@seznam.cz; 250: 2.0.0 Ok: queued as F388F44176D
[18-Jun-2025 01:48:43 +0200]: <3q2u8031> User rhs@rhscz.eu [2a03:3b40:25a:0:5db2:2ae0:29f3:7682]; Message <bb96efdc3b7830d011b79cd60a439716@rhscz.eu> for hodoush@seznam.cz; 250: 2.0.0 Ok: queued as 94B2C44175D
